#-----------------------------------------------------------
# Vivado v2018.2 (64-bit)
# SW Build 2258646 on Thu Jun 14 20:03:12 MDT 2018
# IP Build 2256618 on Thu Jun 14 22:10:49 MDT 2018
# Start of session at: Sun Dec  2 19:44:38 2018
# Process ID: 11072
# Current directory: C:/Users/andre/Documents/Fall 2018/CMPE264/IOandInterface
# Command line: vivado.exe -gui_launcher_event rodinguilauncherevent3820 C:\Users\andre\Documents\Fall 2018\CMPE264\IOandInterface\IOandInterface.xpr
# Log file: C:/Users/andre/Documents/Fall 2018/CMPE264/IOandInterface/vivado.log
# Journal file: C:/Users/andre/Documents/Fall 2018/CMPE264/IOandInterface\vivado.jou
#-----------------------------------------------------------
start_gui
open_project {C:/Users/andre/Documents/Fall 2018/CMPE264/IOandInterface/IOandInterface.xpr}
CRITICAL WARNING: [Project 1-19] Could not find the file 'C:/Users/andre/Documents/Fall 2018/CMPE264/IOandInterface/IOandInterface.srcs/sources_1/new/FPM/fpmul_cu_old.v'.
Scanning sources...
Finished scanning sources
INFO: [IP_Flow 19-234] Refreshing IP repositories
INFO: [IP_Flow 19-1704] No user IP repositories specified
INFO: [IP_Flow 19-2313] Loaded Vivado IP repository 'C:/Xilinx/Vivado/2018.2/data/ip'.
open_project: Time (s): cpu = 00:00:19 ; elapsed = 00:00:24 . Memory (MB): peak = 811.191 ; gain = 87.785
update_compile_order -fileset sources_1
export_ip_user_files -of_objects  [get_files {{C:/Users/andre/Documents/Fall 2018/CMPE264/IOandInterface/IOandInterface.srcs/sources_1/new/FPM/fpmul_cu_old.v}}] -no_script -reset -force -quiet
remove_files  {{C:/Users/andre/Documents/Fall 2018/CMPE264/IOandInterface/IOandInterface.srcs/sources_1/new/FPM/fpmul_cu_old.v}}
synth_design -rtl -name rtl_1
Command: synth_design -rtl -name rtl_1
Starting synth_design
Using part: xc7a100tcsg324-1
Top: fpmwrapper
WARNING: [Synth 8-1849] concatenation with unsized literal; will interpret as 32 bits [C:/Users/andre/Documents/Fall 2018/CMPE264/IOandInterface/IOandInterface.srcs/sources_1/new/MIPS_Initial.v:222]
WARNING: [Synth 8-1849] concatenation with unsized literal; will interpret as 32 bits [C:/Users/andre/Documents/Fall 2018/CMPE264/IOandInterface/IOandInterface.srcs/sources_1/new/MIPS_Initial.v:224]
WARNING: [Synth 8-2490] overwriting previous definition of module adder [C:/Users/andre/Documents/Fall 2018/CMPE264/IOandInterface/IOandInterface.srcs/sources_1/new/FPM/fpmul_dp.v:4]
WARNING: [Synth 8-2490] overwriting previous definition of module mux2 [C:/Users/andre/Documents/Fall 2018/CMPE264/IOandInterface/IOandInterface.srcs/sources_1/new/FPM/fpmul_dp.v:29]
---------------------------------------------------------------------------------
Starting RTL Elaboration : Time (s): cpu = 00:00:04 ; elapsed = 00:00:03 . Memory (MB): peak = 907.559 ; gain = 68.523
---------------------------------------------------------------------------------
INFO: [Synth 8-6157] synthesizing module 'fpmwrapper' [C:/Users/andre/Documents/Fall 2018/CMPE264/IOandInterface/IOandInterface.srcs/sources_1/new/fpmwrapper.v:23]
INFO: [Synth 8-6157] synthesizing module 'fpmadec' [C:/Users/andre/Documents/Fall 2018/CMPE264/IOandInterface/IOandInterface.srcs/sources_1/new/fpmadec.v:23]
INFO: [Synth 8-6155] done synthesizing module 'fpmadec' (1#1) [C:/Users/andre/Documents/Fall 2018/CMPE264/IOandInterface/IOandInterface.srcs/sources_1/new/fpmadec.v:23]
INFO: [Synth 8-6157] synthesizing module 'fouronemux' [C:/Users/andre/Documents/Fall 2018/CMPE264/IOandInterface/IOandInterface.srcs/sources_1/new/MIPS_Initial.v:159]
	Parameter WIDTH bound to: 32 - type: integer 
INFO: [Synth 8-6155] done synthesizing module 'fouronemux' (2#1) [C:/Users/andre/Documents/Fall 2018/CMPE264/IOandInterface/IOandInterface.srcs/sources_1/new/MIPS_Initial.v:159]
WARNING: [Synth 8-689] width (1) of port connection 'd2' does not match port width (32) of module 'fouronemux' [C:/Users/andre/Documents/Fall 2018/CMPE264/IOandInterface/IOandInterface.srcs/sources_1/new/fpmwrapper.v:54]
INFO: [Synth 8-6157] synthesizing module 'fpmreg' [C:/Users/andre/Documents/Fall 2018/CMPE264/IOandInterface/IOandInterface.srcs/sources_1/new/fpmreg.v:23]
INFO: [Synth 8-6155] done synthesizing module 'fpmreg' (3#1) [C:/Users/andre/Documents/Fall 2018/CMPE264/IOandInterface/IOandInterface.srcs/sources_1/new/fpmreg.v:23]
INFO: [Synth 8-6157] synthesizing module 'fpmreg1' [C:/Users/andre/Documents/Fall 2018/CMPE264/IOandInterface/IOandInterface.srcs/sources_1/new/fpmreg.v:42]
INFO: [Synth 8-6155] done synthesizing module 'fpmreg1' (4#1) [C:/Users/andre/Documents/Fall 2018/CMPE264/IOandInterface/IOandInterface.srcs/sources_1/new/fpmreg.v:42]
INFO: [Synth 8-6157] synthesizing module 'fpmul' [C:/Users/andre/Documents/Fall 2018/CMPE264/IOandInterface/IOandInterface.srcs/sources_1/new/FPM/fpmul.v:1]
INFO: [Synth 8-6157] synthesizing module 'fpmul_cu' [C:/Users/andre/Documents/Fall 2018/CMPE264/IOandInterface/IOandInterface.srcs/sources_1/new/FPM/fpmul_cu.v:1]
	Parameter S0 bound to: 4'b0000 
	Parameter S1 bound to: 4'b0001 
	Parameter S2 bound to: 4'b0010 
	Parameter S3 bound to: 4'b0011 
	Parameter S4 bound to: 4'b0100 
	Parameter S5 bound to: 4'b0101 
	Parameter S6 bound to: 4'b0110 
	Parameter S7 bound to: 4'b0111 
	Parameter S8 bound to: 4'b1000 
	Parameter S9 bound to: 4'b1001 
INFO: [Synth 8-155] case statement is not full and has no default [C:/Users/andre/Documents/Fall 2018/CMPE264/IOandInterface/IOandInterface.srcs/sources_1/new/FPM/fpmul_cu.v:77]
INFO: [Synth 8-6155] done synthesizing module 'fpmul_cu' (5#1) [C:/Users/andre/Documents/Fall 2018/CMPE264/IOandInterface/IOandInterface.srcs/sources_1/new/FPM/fpmul_cu.v:1]
INFO: [Synth 8-6157] synthesizing module 'fpmul_dp' [C:/Users/andre/Documents/Fall 2018/CMPE264/IOandInterface/IOandInterface.srcs/sources_1/new/FPM/fpmul_dp.v:123]
	Parameter sign_width bound to: 1 - type: integer 
	Parameter exponent_width bound to: 8 - type: integer 
	Parameter exponent_width2 bound to: 10 - type: integer 
	Parameter mantissa_width bound to: 23 - type: integer 
	Parameter mantissa_width2 bound to: 24 - type: integer 
INFO: [Synth 8-6157] synthesizing module 'dreg_en' [C:/Users/andre/Documents/Fall 2018/CMPE264/IOandInterface/IOandInterface.srcs/sources_1/new/FPM/fpmul_dp.v:63]
	Parameter WIDTH bound to: 1 - type: integer 
INFO: [Synth 8-6155] done synthesizing module 'dreg_en' (6#1) [C:/Users/andre/Documents/Fall 2018/CMPE264/IOandInterface/IOandInterface.srcs/sources_1/new/FPM/fpmul_dp.v:63]
INFO: [Synth 8-6157] synthesizing module 'dreg_en__parameterized0' [C:/Users/andre/Documents/Fall 2018/CMPE264/IOandInterface/IOandInterface.srcs/sources_1/new/FPM/fpmul_dp.v:63]
	Parameter WIDTH bound to: 10 - type: integer 
INFO: [Synth 8-6155] done synthesizing module 'dreg_en__parameterized0' (6#1) [C:/Users/andre/Documents/Fall 2018/CMPE264/IOandInterface/IOandInterface.srcs/sources_1/new/FPM/fpmul_dp.v:63]
INFO: [Synth 8-6157] synthesizing module 'dreg_en__parameterized1' [C:/Users/andre/Documents/Fall 2018/CMPE264/IOandInterface/IOandInterface.srcs/sources_1/new/FPM/fpmul_dp.v:63]
	Parameter WIDTH bound to: 24 - type: integer 
INFO: [Synth 8-6155] done synthesizing module 'dreg_en__parameterized1' (6#1) [C:/Users/andre/Documents/Fall 2018/CMPE264/IOandInterface/IOandInterface.srcs/sources_1/new/FPM/fpmul_dp.v:63]
INFO: [Synth 8-6157] synthesizing module 'adder' [C:/Users/andre/Documents/Fall 2018/CMPE264/IOandInterface/IOandInterface.srcs/sources_1/new/FPM/fpmul_dp.v:4]
	Parameter WIDTH bound to: 10 - type: integer 
INFO: [Synth 8-6155] done synthesizing module 'adder' (7#1) [C:/Users/andre/Documents/Fall 2018/CMPE264/IOandInterface/IOandInterface.srcs/sources_1/new/FPM/fpmul_dp.v:4]
INFO: [Synth 8-6157] synthesizing module 'subtractor' [C:/Users/andre/Documents/Fall 2018/CMPE264/IOandInterface/IOandInterface.srcs/sources_1/new/FPM/fpmul_dp.v:12]
	Parameter WIDTH bound to: 10 - type: integer 
INFO: [Synth 8-6155] done synthesizing module 'subtractor' (8#1) [C:/Users/andre/Documents/Fall 2018/CMPE264/IOandInterface/IOandInterface.srcs/sources_1/new/FPM/fpmul_dp.v:12]
INFO: [Synth 8-6157] synthesizing module 'mux2' [C:/Users/andre/Documents/Fall 2018/CMPE264/IOandInterface/IOandInterface.srcs/sources_1/new/FPM/fpmul_dp.v:29]
	Parameter WIDTH bound to: 10 - type: integer 
INFO: [Synth 8-6155] done synthesizing module 'mux2' (9#1) [C:/Users/andre/Documents/Fall 2018/CMPE264/IOandInterface/IOandInterface.srcs/sources_1/new/FPM/fpmul_dp.v:29]
INFO: [Synth 8-6157] synthesizing module 'dreg_full' [C:/Users/andre/Documents/Fall 2018/CMPE264/IOandInterface/IOandInterface.srcs/sources_1/new/FPM/fpmul_dp.v:95]
	Parameter WIDTH bound to: 10 - type: integer 
INFO: [Synth 8-6155] done synthesizing module 'dreg_full' (10#1) [C:/Users/andre/Documents/Fall 2018/CMPE264/IOandInterface/IOandInterface.srcs/sources_1/new/FPM/fpmul_dp.v:95]
INFO: [Synth 8-6157] synthesizing module 'multiplier' [C:/Users/andre/Documents/Fall 2018/CMPE264/IOandInterface/IOandInterface.srcs/sources_1/new/FPM/fpmul_dp.v:20]
INFO: [Synth 8-6155] done synthesizing module 'multiplier' (11#1) [C:/Users/andre/Documents/Fall 2018/CMPE264/IOandInterface/IOandInterface.srcs/sources_1/new/FPM/fpmul_dp.v:20]
INFO: [Synth 8-6157] synthesizing module 'sl_one' [C:/Users/andre/Documents/Fall 2018/CMPE264/IOandInterface/IOandInterface.srcs/sources_1/new/FPM/fpmul_dp.v:113]
	Parameter WIDTH bound to: 24 - type: integer 
INFO: [Synth 8-6155] done synthesizing module 'sl_one' (12#1) [C:/Users/andre/Documents/Fall 2018/CMPE264/IOandInterface/IOandInterface.srcs/sources_1/new/FPM/fpmul_dp.v:113]
INFO: [Synth 8-6157] synthesizing module 'mux2__parameterized0' [C:/Users/andre/Documents/Fall 2018/CMPE264/IOandInterface/IOandInterface.srcs/sources_1/new/FPM/fpmul_dp.v:29]
	Parameter WIDTH bound to: 24 - type: integer 
INFO: [Synth 8-6155] done synthesizing module 'mux2__parameterized0' (12#1) [C:/Users/andre/Documents/Fall 2018/CMPE264/IOandInterface/IOandInterface.srcs/sources_1/new/FPM/fpmul_dp.v:29]
INFO: [Synth 8-6157] synthesizing module 'adder__parameterized0' [C:/Users/andre/Documents/Fall 2018/CMPE264/IOandInterface/IOandInterface.srcs/sources_1/new/FPM/fpmul_dp.v:4]
	Parameter WIDTH bound to: 24 - type: integer 
INFO: [Synth 8-6155] done synthesizing module 'adder__parameterized0' (12#1) [C:/Users/andre/Documents/Fall 2018/CMPE264/IOandInterface/IOandInterface.srcs/sources_1/new/FPM/fpmul_dp.v:4]
INFO: [Synth 8-6157] synthesizing module 'dreg_full__parameterized0' [C:/Users/andre/Documents/Fall 2018/CMPE264/IOandInterface/IOandInterface.srcs/sources_1/new/FPM/fpmul_dp.v:95]
	Parameter WIDTH bound to: 24 - type: integer 
INFO: [Synth 8-6155] done synthesizing module 'dreg_full__parameterized0' (12#1) [C:/Users/andre/Documents/Fall 2018/CMPE264/IOandInterface/IOandInterface.srcs/sources_1/new/FPM/fpmul_dp.v:95]
INFO: [Synth 8-6157] synthesizing module 'dreg' [C:/Users/andre/Documents/Fall 2018/CMPE264/IOandInterface/IOandInterface.srcs/sources_1/new/FPM/fpmul_dp.v:38]
	Parameter WIDTH bound to: 1 - type: integer 
INFO: [Synth 8-6155] done synthesizing module 'dreg' (13#1) [C:/Users/andre/Documents/Fall 2018/CMPE264/IOandInterface/IOandInterface.srcs/sources_1/new/FPM/fpmul_dp.v:38]
INFO: [Synth 8-6157] synthesizing module 'dreg_of_uf' [C:/Users/andre/Documents/Fall 2018/CMPE264/IOandInterface/IOandInterface.srcs/sources_1/new/FPM/fpmul_dp.v:48]
	Parameter WIDTH bound to: 1 - type: integer 
INFO: [Synth 8-6155] done synthesizing module 'dreg_of_uf' (14#1) [C:/Users/andre/Documents/Fall 2018/CMPE264/IOandInterface/IOandInterface.srcs/sources_1/new/FPM/fpmul_dp.v:48]
INFO: [Synth 8-6157] synthesizing module 'dreg_full__parameterized1' [C:/Users/andre/Documents/Fall 2018/CMPE264/IOandInterface/IOandInterface.srcs/sources_1/new/FPM/fpmul_dp.v:95]
	Parameter WIDTH bound to: 1 - type: integer 
INFO: [Synth 8-6155] done synthesizing module 'dreg_full__parameterized1' (14#1) [C:/Users/andre/Documents/Fall 2018/CMPE264/IOandInterface/IOandInterface.srcs/sources_1/new/FPM/fpmul_dp.v:95]
INFO: [Synth 8-6157] synthesizing module 'dreg_full__parameterized2' [C:/Users/andre/Documents/Fall 2018/CMPE264/IOandInterface/IOandInterface.srcs/sources_1/new/FPM/fpmul_dp.v:95]
	Parameter WIDTH bound to: 8 - type: integer 
INFO: [Synth 8-6155] done synthesizing module 'dreg_full__parameterized2' (14#1) [C:/Users/andre/Documents/Fall 2018/CMPE264/IOandInterface/IOandInterface.srcs/sources_1/new/FPM/fpmul_dp.v:95]
INFO: [Synth 8-6157] synthesizing module 'dreg_full__parameterized3' [C:/Users/andre/Documents/Fall 2018/CMPE264/IOandInterface/IOandInterface.srcs/sources_1/new/FPM/fpmul_dp.v:95]
	Parameter WIDTH bound to: 23 - type: integer 
INFO: [Synth 8-6155] done synthesizing module 'dreg_full__parameterized3' (14#1) [C:/Users/andre/Documents/Fall 2018/CMPE264/IOandInterface/IOandInterface.srcs/sources_1/new/FPM/fpmul_dp.v:95]
INFO: [Synth 8-6155] done synthesizing module 'fpmul_dp' (15#1) [C:/Users/andre/Documents/Fall 2018/CMPE264/IOandInterface/IOandInterface.srcs/sources_1/new/FPM/fpmul_dp.v:123]
INFO: [Synth 8-6155] done synthesizing module 'fpmul' (16#1) [C:/Users/andre/Documents/Fall 2018/CMPE264/IOandInterface/IOandInterface.srcs/sources_1/new/FPM/fpmul.v:1]
WARNING: [Synth 8-350] instance 'MultiplyFP' of module 'fpmul' requires 13 connections, but only 11 given [C:/Users/andre/Documents/Fall 2018/CMPE264/IOandInterface/IOandInterface.srcs/sources_1/new/fpmwrapper.v:100]
INFO: [Synth 8-6157] synthesizing module 'fpmregres' [C:/Users/andre/Documents/Fall 2018/CMPE264/IOandInterface/IOandInterface.srcs/sources_1/new/fpmreg.v:61]
INFO: [Synth 8-6155] done synthesizing module 'fpmregres' (17#1) [C:/Users/andre/Documents/Fall 2018/CMPE264/IOandInterface/IOandInterface.srcs/sources_1/new/fpmreg.v:61]
WARNING: [Synth 8-689] width (7) of port connection 'out' does not match port width (38) of module 'fpmregres' [C:/Users/andre/Documents/Fall 2018/CMPE264/IOandInterface/IOandInterface.srcs/sources_1/new/fpmwrapper.v:119]
INFO: [Synth 8-6157] synthesizing module 'rslatch' [C:/Users/andre/Documents/Fall 2018/CMPE264/IOandInterface/IOandInterface.srcs/sources_1/new/rslatch.v:2]
INFO: [Synth 8-6155] done synthesizing module 'rslatch' (18#1) [C:/Users/andre/Documents/Fall 2018/CMPE264/IOandInterface/IOandInterface.srcs/sources_1/new/rslatch.v:2]
INFO: [Synth 8-6155] done synthesizing module 'fpmwrapper' (19#1) [C:/Users/andre/Documents/Fall 2018/CMPE264/IOandInterface/IOandInterface.srcs/sources_1/new/fpmwrapper.v:23]
WARNING: [Synth 8-3331] design dreg_of_uf has unconnected port d[0]
WARNING: [Synth 8-3331] design sl_one has unconnected port a[23]
---------------------------------------------------------------------------------
Finished RTL Elaboration : Time (s): cpu = 00:00:06 ; elapsed = 00:00:05 . Memory (MB): peak = 949.844 ; gain = 110.809
---------------------------------------------------------------------------------

Report Check Netlist: 
+------+------------------+-------+---------+-------+------------------+
|      |Item              |Errors |Warnings |Status |Description       |
+------+------------------+-------+---------+-------+------------------+
|1     |multi_driven_nets |      0|        0|Passed |Multi driven nets |
+------+------------------+-------+---------+-------+------------------+
WARNING: [Synth 8-3295] tying undriven pin p_sign_reg:set to constant 0 [C:/Users/andre/Documents/Fall 2018/CMPE264/IOandInterface/IOandInterface.srcs/sources_1/new/FPM/fpmul_dp.v:597]
WARNING: [Synth 8-3295] tying undriven pin p_exp_reg:set to constant 0 [C:/Users/andre/Documents/Fall 2018/CMPE264/IOandInterface/IOandInterface.srcs/sources_1/new/FPM/fpmul_dp.v:605]
WARNING: [Synth 8-3295] tying undriven pin p_mant_reg:set to constant 0 [C:/Users/andre/Documents/Fall 2018/CMPE264/IOandInterface/IOandInterface.srcs/sources_1/new/FPM/fpmul_dp.v:613]
WARNING: [Synth 8-3295] tying undriven pin MultiplyFP:A[31] to constant 0 [C:/Users/andre/Documents/Fall 2018/CMPE264/IOandInterface/IOandInterface.srcs/sources_1/new/fpmwrapper.v:100]
WARNING: [Synth 8-3295] tying undriven pin MultiplyFP:A[30] to constant 0 [C:/Users/andre/Documents/Fall 2018/CMPE264/IOandInterface/IOandInterface.srcs/sources_1/new/fpmwrapper.v:100]
WARNING: [Synth 8-3295] tying undriven pin MultiplyFP:A[29] to constant 0 [C:/Users/andre/Documents/Fall 2018/CMPE264/IOandInterface/IOandInterface.srcs/sources_1/new/fpmwrapper.v:100]
WARNING: [Synth 8-3295] tying undriven pin MultiplyFP:A[28] to constant 0 [C:/Users/andre/Documents/Fall 2018/CMPE264/IOandInterface/IOandInterface.srcs/sources_1/new/fpmwrapper.v:100]
WARNING: [Synth 8-3295] tying undriven pin MultiplyFP:A[27] to constant 0 [C:/Users/andre/Documents/Fall 2018/CMPE264/IOandInterface/IOandInterface.srcs/sources_1/new/fpmwrapper.v:100]
WARNING: [Synth 8-3295] tying undriven pin MultiplyFP:A[26] to constant 0 [C:/Users/andre/Documents/Fall 2018/CMPE264/IOandInterface/IOandInterface.srcs/sources_1/new/fpmwrapper.v:100]
WARNING: [Synth 8-3295] tying undriven pin MultiplyFP:A[25] to constant 0 [C:/Users/andre/Documents/Fall 2018/CMPE264/IOandInterface/IOandInterface.srcs/sources_1/new/fpmwrapper.v:100]
WARNING: [Synth 8-3295] tying undriven pin MultiplyFP:A[24] to constant 0 [C:/Users/andre/Documents/Fall 2018/CMPE264/IOandInterface/IOandInterface.srcs/sources_1/new/fpmwrapper.v:100]
WARNING: [Synth 8-3295] tying undriven pin MultiplyFP:A[23] to constant 0 [C:/Users/andre/Documents/Fall 2018/CMPE264/IOandInterface/IOandInterface.srcs/sources_1/new/fpmwrapper.v:100]
WARNING: [Synth 8-3295] tying undriven pin MultiplyFP:A[22] to constant 0 [C:/Users/andre/Documents/Fall 2018/CMPE264/IOandInterface/IOandInterface.srcs/sources_1/new/fpmwrapper.v:100]
WARNING: [Synth 8-3295] tying undriven pin MultiplyFP:A[21] to constant 0 [C:/Users/andre/Documents/Fall 2018/CMPE264/IOandInterface/IOandInterface.srcs/sources_1/new/fpmwrapper.v:100]
WARNING: [Synth 8-3295] tying undriven pin MultiplyFP:A[20] to constant 0 [C:/Users/andre/Documents/Fall 2018/CMPE264/IOandInterface/IOandInterface.srcs/sources_1/new/fpmwrapper.v:100]
WARNING: [Synth 8-3295] tying undriven pin MultiplyFP:A[19] to constant 0 [C:/Users/andre/Documents/Fall 2018/CMPE264/IOandInterface/IOandInterface.srcs/sources_1/new/fpmwrapper.v:100]
WARNING: [Synth 8-3295] tying undriven pin MultiplyFP:A[18] to constant 0 [C:/Users/andre/Documents/Fall 2018/CMPE264/IOandInterface/IOandInterface.srcs/sources_1/new/fpmwrapper.v:100]
WARNING: [Synth 8-3295] tying undriven pin MultiplyFP:A[17] to constant 0 [C:/Users/andre/Documents/Fall 2018/CMPE264/IOandInterface/IOandInterface.srcs/sources_1/new/fpmwrapper.v:100]
WARNING: [Synth 8-3295] tying undriven pin MultiplyFP:A[16] to constant 0 [C:/Users/andre/Documents/Fall 2018/CMPE264/IOandInterface/IOandInterface.srcs/sources_1/new/fpmwrapper.v:100]
WARNING: [Synth 8-3295] tying undriven pin MultiplyFP:A[15] to constant 0 [C:/Users/andre/Documents/Fall 2018/CMPE264/IOandInterface/IOandInterface.srcs/sources_1/new/fpmwrapper.v:100]
WARNING: [Synth 8-3295] tying undriven pin MultiplyFP:A[14] to constant 0 [C:/Users/andre/Documents/Fall 2018/CMPE264/IOandInterface/IOandInterface.srcs/sources_1/new/fpmwrapper.v:100]
WARNING: [Synth 8-3295] tying undriven pin MultiplyFP:A[13] to constant 0 [C:/Users/andre/Documents/Fall 2018/CMPE264/IOandInterface/IOandInterface.srcs/sources_1/new/fpmwrapper.v:100]
WARNING: [Synth 8-3295] tying undriven pin MultiplyFP:A[12] to constant 0 [C:/Users/andre/Documents/Fall 2018/CMPE264/IOandInterface/IOandInterface.srcs/sources_1/new/fpmwrapper.v:100]
WARNING: [Synth 8-3295] tying undriven pin MultiplyFP:A[11] to constant 0 [C:/Users/andre/Documents/Fall 2018/CMPE264/IOandInterface/IOandInterface.srcs/sources_1/new/fpmwrapper.v:100]
WARNING: [Synth 8-3295] tying undriven pin MultiplyFP:A[10] to constant 0 [C:/Users/andre/Documents/Fall 2018/CMPE264/IOandInterface/IOandInterface.srcs/sources_1/new/fpmwrapper.v:100]
WARNING: [Synth 8-3295] tying undriven pin MultiplyFP:A[9] to constant 0 [C:/Users/andre/Documents/Fall 2018/CMPE264/IOandInterface/IOandInterface.srcs/sources_1/new/fpmwrapper.v:100]
WARNING: [Synth 8-3295] tying undriven pin MultiplyFP:A[8] to constant 0 [C:/Users/andre/Documents/Fall 2018/CMPE264/IOandInterface/IOandInterface.srcs/sources_1/new/fpmwrapper.v:100]
WARNING: [Synth 8-3295] tying undriven pin MultiplyFP:A[7] to constant 0 [C:/Users/andre/Documents/Fall 2018/CMPE264/IOandInterface/IOandInterface.srcs/sources_1/new/fpmwrapper.v:100]
WARNING: [Synth 8-3295] tying undriven pin MultiplyFP:A[6] to constant 0 [C:/Users/andre/Documents/Fall 2018/CMPE264/IOandInterface/IOandInterface.srcs/sources_1/new/fpmwrapper.v:100]
WARNING: [Synth 8-3295] tying undriven pin MultiplyFP:A[5] to constant 0 [C:/Users/andre/Documents/Fall 2018/CMPE264/IOandInterface/IOandInterface.srcs/sources_1/new/fpmwrapper.v:100]
WARNING: [Synth 8-3295] tying undriven pin MultiplyFP:A[4] to constant 0 [C:/Users/andre/Documents/Fall 2018/CMPE264/IOandInterface/IOandInterface.srcs/sources_1/new/fpmwrapper.v:100]
WARNING: [Synth 8-3295] tying undriven pin MultiplyFP:A[3] to constant 0 [C:/Users/andre/Documents/Fall 2018/CMPE264/IOandInterface/IOandInterface.srcs/sources_1/new/fpmwrapper.v:100]
WARNING: [Synth 8-3295] tying undriven pin MultiplyFP:A[2] to constant 0 [C:/Users/andre/Documents/Fall 2018/CMPE264/IOandInterface/IOandInterface.srcs/sources_1/new/fpmwrapper.v:100]
WARNING: [Synth 8-3295] tying undriven pin MultiplyFP:A[1] to constant 0 [C:/Users/andre/Documents/Fall 2018/CMPE264/IOandInterface/IOandInterface.srcs/sources_1/new/fpmwrapper.v:100]
WARNING: [Synth 8-3295] tying undriven pin MultiplyFP:A[0] to constant 0 [C:/Users/andre/Documents/Fall 2018/CMPE264/IOandInterface/IOandInterface.srcs/sources_1/new/fpmwrapper.v:100]
WARNING: [Synth 8-3295] tying undriven pin MultiplyFP:B[31] to constant 0 [C:/Users/andre/Documents/Fall 2018/CMPE264/IOandInterface/IOandInterface.srcs/sources_1/new/fpmwrapper.v:100]
WARNING: [Synth 8-3295] tying undriven pin MultiplyFP:B[30] to constant 0 [C:/Users/andre/Documents/Fall 2018/CMPE264/IOandInterface/IOandInterface.srcs/sources_1/new/fpmwrapper.v:100]
WARNING: [Synth 8-3295] tying undriven pin MultiplyFP:B[29] to constant 0 [C:/Users/andre/Documents/Fall 2018/CMPE264/IOandInterface/IOandInterface.srcs/sources_1/new/fpmwrapper.v:100]
WARNING: [Synth 8-3295] tying undriven pin MultiplyFP:B[28] to constant 0 [C:/Users/andre/Documents/Fall 2018/CMPE264/IOandInterface/IOandInterface.srcs/sources_1/new/fpmwrapper.v:100]
WARNING: [Synth 8-3295] tying undriven pin MultiplyFP:B[27] to constant 0 [C:/Users/andre/Documents/Fall 2018/CMPE264/IOandInterface/IOandInterface.srcs/sources_1/new/fpmwrapper.v:100]
WARNING: [Synth 8-3295] tying undriven pin MultiplyFP:B[26] to constant 0 [C:/Users/andre/Documents/Fall 2018/CMPE264/IOandInterface/IOandInterface.srcs/sources_1/new/fpmwrapper.v:100]
WARNING: [Synth 8-3295] tying undriven pin MultiplyFP:B[25] to constant 0 [C:/Users/andre/Documents/Fall 2018/CMPE264/IOandInterface/IOandInterface.srcs/sources_1/new/fpmwrapper.v:100]
WARNING: [Synth 8-3295] tying undriven pin MultiplyFP:B[24] to constant 0 [C:/Users/andre/Documents/Fall 2018/CMPE264/IOandInterface/IOandInterface.srcs/sources_1/new/fpmwrapper.v:100]
WARNING: [Synth 8-3295] tying undriven pin MultiplyFP:B[23] to constant 0 [C:/Users/andre/Documents/Fall 2018/CMPE264/IOandInterface/IOandInterface.srcs/sources_1/new/fpmwrapper.v:100]
WARNING: [Synth 8-3295] tying undriven pin MultiplyFP:B[22] to constant 0 [C:/Users/andre/Documents/Fall 2018/CMPE264/IOandInterface/IOandInterface.srcs/sources_1/new/fpmwrapper.v:100]
WARNING: [Synth 8-3295] tying undriven pin MultiplyFP:B[21] to constant 0 [C:/Users/andre/Documents/Fall 2018/CMPE264/IOandInterface/IOandInterface.srcs/sources_1/new/fpmwrapper.v:100]
WARNING: [Synth 8-3295] tying undriven pin MultiplyFP:B[20] to constant 0 [C:/Users/andre/Documents/Fall 2018/CMPE264/IOandInterface/IOandInterface.srcs/sources_1/new/fpmwrapper.v:100]
WARNING: [Synth 8-3295] tying undriven pin MultiplyFP:B[19] to constant 0 [C:/Users/andre/Documents/Fall 2018/CMPE264/IOandInterface/IOandInterface.srcs/sources_1/new/fpmwrapper.v:100]
WARNING: [Synth 8-3295] tying undriven pin MultiplyFP:B[18] to constant 0 [C:/Users/andre/Documents/Fall 2018/CMPE264/IOandInterface/IOandInterface.srcs/sources_1/new/fpmwrapper.v:100]
WARNING: [Synth 8-3295] tying undriven pin MultiplyFP:B[17] to constant 0 [C:/Users/andre/Documents/Fall 2018/CMPE264/IOandInterface/IOandInterface.srcs/sources_1/new/fpmwrapper.v:100]
WARNING: [Synth 8-3295] tying undriven pin MultiplyFP:B[16] to constant 0 [C:/Users/andre/Documents/Fall 2018/CMPE264/IOandInterface/IOandInterface.srcs/sources_1/new/fpmwrapper.v:100]
WARNING: [Synth 8-3295] tying undriven pin MultiplyFP:B[15] to constant 0 [C:/Users/andre/Documents/Fall 2018/CMPE264/IOandInterface/IOandInterface.srcs/sources_1/new/fpmwrapper.v:100]
WARNING: [Synth 8-3295] tying undriven pin MultiplyFP:B[14] to constant 0 [C:/Users/andre/Documents/Fall 2018/CMPE264/IOandInterface/IOandInterface.srcs/sources_1/new/fpmwrapper.v:100]
WARNING: [Synth 8-3295] tying undriven pin MultiplyFP:B[13] to constant 0 [C:/Users/andre/Documents/Fall 2018/CMPE264/IOandInterface/IOandInterface.srcs/sources_1/new/fpmwrapper.v:100]
WARNING: [Synth 8-3295] tying undriven pin MultiplyFP:B[12] to constant 0 [C:/Users/andre/Documents/Fall 2018/CMPE264/IOandInterface/IOandInterface.srcs/sources_1/new/fpmwrapper.v:100]
WARNING: [Synth 8-3295] tying undriven pin MultiplyFP:B[11] to constant 0 [C:/Users/andre/Documents/Fall 2018/CMPE264/IOandInterface/IOandInterface.srcs/sources_1/new/fpmwrapper.v:100]
WARNING: [Synth 8-3295] tying undriven pin MultiplyFP:B[10] to constant 0 [C:/Users/andre/Documents/Fall 2018/CMPE264/IOandInterface/IOandInterface.srcs/sources_1/new/fpmwrapper.v:100]
WARNING: [Synth 8-3295] tying undriven pin MultiplyFP:B[9] to constant 0 [C:/Users/andre/Documents/Fall 2018/CMPE264/IOandInterface/IOandInterface.srcs/sources_1/new/fpmwrapper.v:100]
WARNING: [Synth 8-3295] tying undriven pin MultiplyFP:B[8] to constant 0 [C:/Users/andre/Documents/Fall 2018/CMPE264/IOandInterface/IOandInterface.srcs/sources_1/new/fpmwrapper.v:100]
WARNING: [Synth 8-3295] tying undriven pin MultiplyFP:B[7] to constant 0 [C:/Users/andre/Documents/Fall 2018/CMPE264/IOandInterface/IOandInterface.srcs/sources_1/new/fpmwrapper.v:100]
WARNING: [Synth 8-3295] tying undriven pin MultiplyFP:B[6] to constant 0 [C:/Users/andre/Documents/Fall 2018/CMPE264/IOandInterface/IOandInterface.srcs/sources_1/new/fpmwrapper.v:100]
WARNING: [Synth 8-3295] tying undriven pin MultiplyFP:B[5] to constant 0 [C:/Users/andre/Documents/Fall 2018/CMPE264/IOandInterface/IOandInterface.srcs/sources_1/new/fpmwrapper.v:100]
WARNING: [Synth 8-3295] tying undriven pin MultiplyFP:B[4] to constant 0 [C:/Users/andre/Documents/Fall 2018/CMPE264/IOandInterface/IOandInterface.srcs/sources_1/new/fpmwrapper.v:100]
WARNING: [Synth 8-3295] tying undriven pin MultiplyFP:B[3] to constant 0 [C:/Users/andre/Documents/Fall 2018/CMPE264/IOandInterface/IOandInterface.srcs/sources_1/new/fpmwrapper.v:100]
WARNING: [Synth 8-3295] tying undriven pin MultiplyFP:B[2] to constant 0 [C:/Users/andre/Documents/Fall 2018/CMPE264/IOandInterface/IOandInterface.srcs/sources_1/new/fpmwrapper.v:100]
WARNING: [Synth 8-3295] tying undriven pin MultiplyFP:B[1] to constant 0 [C:/Users/andre/Documents/Fall 2018/CMPE264/IOandInterface/IOandInterface.srcs/sources_1/new/fpmwrapper.v:100]
WARNING: [Synth 8-3295] tying undriven pin MultiplyFP:B[0] to constant 0 [C:/Users/andre/Documents/Fall 2018/CMPE264/IOandInterface/IOandInterface.srcs/sources_1/new/fpmwrapper.v:100]
---------------------------------------------------------------------------------
Start Handling Custom Attributes
---------------------------------------------------------------------------------
---------------------------------------------------------------------------------
Finished Handling Custom Attributes : Time (s): cpu = 00:00:06 ; elapsed = 00:00:05 . Memory (MB): peak = 949.844 ; gain = 110.809
---------------------------------------------------------------------------------
---------------------------------------------------------------------------------
Finished RTL Optimization Phase 1 : Time (s): cpu = 00:00:06 ; elapsed = 00:00:05 . Memory (MB): peak = 949.844 ; gain = 110.809
---------------------------------------------------------------------------------
INFO: [Device 21-403] Loading part xc7a100tcsg324-1
INFO: [Project 1-570] Preparing netlist for logic optimization

Processing XDC Constraints
Initializing timing engine
Parsing XDC File [C:/Users/andre/Documents/Fall 2018/CMPE264/IOandInterface/IOandInterface.srcs/sources_1/new/MIPS_top.xdc]
WARNING: [Vivado 12-584] No ports matched 'n[0]'. [C:/Users/andre/Documents/Fall 2018/CMPE264/IOandInterface/IOandInterface.srcs/sources_1/new/MIPS_top.xdc:9]
CRITICAL WARNING: [Common 17-55] 'set_property' expects at least one object. [C:/Users/andre/Documents/Fall 2018/CMPE264/IOandInterface/IOandInterface.srcs/sources_1/new/MIPS_top.xdc:9]
Resolution: If [get_<value>] was used to populate the object, check to make sure this command returns at least one valid object.
WARNING: [Vivado 12-584] No ports matched 'n[1]'. [C:/Users/andre/Documents/Fall 2018/CMPE264/IOandInterface/IOandInterface.srcs/sources_1/new/MIPS_top.xdc:10]
CRITICAL WARNING: [Common 17-55] 'set_property' expects at least one object. [C:/Users/andre/Documents/Fall 2018/CMPE264/IOandInterface/IOandInterface.srcs/sources_1/new/MIPS_top.xdc:10]
Resolution: If [get_<value>] was used to populate the object, check to make sure this command returns at least one valid object.
WARNING: [Vivado 12-584] No ports matched 'n[2]'. [C:/Users/andre/Documents/Fall 2018/CMPE264/IOandInterface/IOandInterface.srcs/sources_1/new/MIPS_top.xdc:11]
CRITICAL WARNING: [Common 17-55] 'set_property' expects at least one object. [C:/Users/andre/Documents/Fall 2018/CMPE264/IOandInterface/IOandInterface.srcs/sources_1/new/MIPS_top.xdc:11]
Resolution: If [get_<value>] was used to populate the object, check to make sure this command returns at least one valid object.
WARNING: [Vivado 12-584] No ports matched 'n[3]'. [C:/Users/andre/Documents/Fall 2018/CMPE264/IOandInterface/IOandInterface.srcs/sources_1/new/MIPS_top.xdc:12]
CRITICAL WARNING: [Common 17-55] 'set_property' expects at least one object. [C:/Users/andre/Documents/Fall 2018/CMPE264/IOandInterface/IOandInterface.srcs/sources_1/new/MIPS_top.xdc:12]
Resolution: If [get_<value>] was used to populate the object, check to make sure this command returns at least one valid object.
WARNING: [Vivado 12-584] No ports matched 'sel'. [C:/Users/andre/Documents/Fall 2018/CMPE264/IOandInterface/IOandInterface.srcs/sources_1/new/MIPS_top.xdc:13]
CRITICAL WARNING: [Common 17-55] 'set_property' expects at least one object. [C:/Users/andre/Documents/Fall 2018/CMPE264/IOandInterface/IOandInterface.srcs/sources_1/new/MIPS_top.xdc:13]
Resolution: If [get_<value>] was used to populate the object, check to make sure this command returns at least one valid object.
WARNING: [Vivado 12-584] No ports matched 'facterror'. [C:/Users/andre/Documents/Fall 2018/CMPE264/IOandInterface/IOandInterface.srcs/sources_1/new/MIPS_top.xdc:17]
CRITICAL WARNING: [Common 17-55] 'set_property' expects at least one object. [C:/Users/andre/Documents/Fall 2018/CMPE264/IOandInterface/IOandInterface.srcs/sources_1/new/MIPS_top.xdc:17]
Resolution: If [get_<value>] was used to populate the object, check to make sure this command returns at least one valid object.
WARNING: [Vivado 12-584] No ports matched 'facterror'. [C:/Users/andre/Documents/Fall 2018/CMPE264/IOandInterface/IOandInterface.srcs/sources_1/new/MIPS_top.xdc:18]
CRITICAL WARNING: [Common 17-55] 'set_property' expects at least one object. [C:/Users/andre/Documents/Fall 2018/CMPE264/IOandInterface/IOandInterface.srcs/sources_1/new/MIPS_top.xdc:18]
Resolution: If [get_<value>] was used to populate the object, check to make sure this command returns at least one valid object.
WARNING: [Vivado 12-584] No ports matched 'facterror'. [C:/Users/andre/Documents/Fall 2018/CMPE264/IOandInterface/IOandInterface.srcs/sources_1/new/MIPS_top.xdc:19]
CRITICAL WARNING: [Common 17-55] 'set_property' expects at least one object. [C:/Users/andre/Documents/Fall 2018/CMPE264/IOandInterface/IOandInterface.srcs/sources_1/new/MIPS_top.xdc:19]
Resolution: If [get_<value>] was used to populate the object, check to make sure this command returns at least one valid object.
WARNING: [Vivado 12-584] No ports matched 'facterror'. [C:/Users/andre/Documents/Fall 2018/CMPE264/IOandInterface/IOandInterface.srcs/sources_1/new/MIPS_top.xdc:20]
CRITICAL WARNING: [Common 17-55] 'set_property' expects at least one object. [C:/Users/andre/Documents/Fall 2018/CMPE264/IOandInterface/IOandInterface.srcs/sources_1/new/MIPS_top.xdc:20]
Resolution: If [get_<value>] was used to populate the object, check to make sure this command returns at least one valid object.
WARNING: [Vivado 12-584] No ports matched 'dispsel'. [C:/Users/andre/Documents/Fall 2018/CMPE264/IOandInterface/IOandInterface.srcs/sources_1/new/MIPS_top.xdc:21]
CRITICAL WARNING: [Common 17-55] 'set_property' expects at least one object. [C:/Users/andre/Documents/Fall 2018/CMPE264/IOandInterface/IOandInterface.srcs/sources_1/new/MIPS_top.xdc:21]
Resolution: If [get_<value>] was used to populate the object, check to make sure this command returns at least one valid object.
WARNING: [Vivado 12-584] No ports matched 'LEDOUT[0]'. [C:/Users/andre/Documents/Fall 2018/CMPE264/IOandInterface/IOandInterface.srcs/sources_1/new/MIPS_top.xdc:26]
CRITICAL WARNING: [Common 17-55] 'set_property' expects at least one object. [C:/Users/andre/Documents/Fall 2018/CMPE264/IOandInterface/IOandInterface.srcs/sources_1/new/MIPS_top.xdc:26]
Resolution: If [get_<value>] was used to populate the object, check to make sure this command returns at least one valid object.
WARNING: [Vivado 12-584] No ports matched 'LEDOUT[1]'. [C:/Users/andre/Documents/Fall 2018/CMPE264/IOandInterface/IOandInterface.srcs/sources_1/new/MIPS_top.xdc:27]
CRITICAL WARNING: [Common 17-55] 'set_property' expects at least one object. [C:/Users/andre/Documents/Fall 2018/CMPE264/IOandInterface/IOandInterface.srcs/sources_1/new/MIPS_top.xdc:27]
Resolution: If [get_<value>] was used to populate the object, check to make sure this command returns at least one valid object.
WARNING: [Vivado 12-584] No ports matched 'LEDOUT[2]'. [C:/Users/andre/Documents/Fall 2018/CMPE264/IOandInterface/IOandInterface.srcs/sources_1/new/MIPS_top.xdc:28]
CRITICAL WARNING: [Common 17-55] 'set_property' expects at least one object. [C:/Users/andre/Documents/Fall 2018/CMPE264/IOandInterface/IOandInterface.srcs/sources_1/new/MIPS_top.xdc:28]
Resolution: If [get_<value>] was used to populate the object, check to make sure this command returns at least one valid object.
WARNING: [Vivado 12-584] No ports matched 'LEDOUT[3]'. [C:/Users/andre/Documents/Fall 2018/CMPE264/IOandInterface/IOandInterface.srcs/sources_1/new/MIPS_top.xdc:29]
CRITICAL WARNING: [Common 17-55] 'set_property' expects at least one object. [C:/Users/andre/Documents/Fall 2018/CMPE264/IOandInterface/IOandInterface.srcs/sources_1/new/MIPS_top.xdc:29]
Resolution: If [get_<value>] was used to populate the object, check to make sure this command returns at least one valid object.
WARNING: [Vivado 12-584] No ports matched 'LEDOUT[4]'. [C:/Users/andre/Documents/Fall 2018/CMPE264/IOandInterface/IOandInterface.srcs/sources_1/new/MIPS_top.xdc:30]
CRITICAL WARNING: [Common 17-55] 'set_property' expects at least one object. [C:/Users/andre/Documents/Fall 2018/CMPE264/IOandInterface/IOandInterface.srcs/sources_1/new/MIPS_top.xdc:30]
Resolution: If [get_<value>] was used to populate the object, check to make sure this command returns at least one valid object.
WARNING: [Vivado 12-584] No ports matched 'LEDOUT[5]'. [C:/Users/andre/Documents/Fall 2018/CMPE264/IOandInterface/IOandInterface.srcs/sources_1/new/MIPS_top.xdc:31]
CRITICAL WARNING: [Common 17-55] 'set_property' expects at least one object. [C:/Users/andre/Documents/Fall 2018/CMPE264/IOandInterface/IOandInterface.srcs/sources_1/new/MIPS_top.xdc:31]
Resolution: If [get_<value>] was used to populate the object, check to make sure this command returns at least one valid object.
WARNING: [Vivado 12-584] No ports matched 'LEDOUT[6]'. [C:/Users/andre/Documents/Fall 2018/CMPE264/IOandInterface/IOandInterface.srcs/sources_1/new/MIPS_top.xdc:32]
CRITICAL WARNING: [Common 17-55] 'set_property' expects at least one object. [C:/Users/andre/Documents/Fall 2018/CMPE264/IOandInterface/IOandInterface.srcs/sources_1/new/MIPS_top.xdc:32]
Resolution: If [get_<value>] was used to populate the object, check to make sure this command returns at least one valid object.
WARNING: [Vivado 12-584] No ports matched 'LEDOUT[7]'. [C:/Users/andre/Documents/Fall 2018/CMPE264/IOandInterface/IOandInterface.srcs/sources_1/new/MIPS_top.xdc:33]
CRITICAL WARNING: [Common 17-55] 'set_property' expects at least one object. [C:/Users/andre/Documents/Fall 2018/CMPE264/IOandInterface/IOandInterface.srcs/sources_1/new/MIPS_top.xdc:33]
Resolution: If [get_<value>] was used to populate the object, check to make sure this command returns at least one valid object.
WARNING: [Vivado 12-584] No ports matched 'LEDSEL[0]'. [C:/Users/andre/Documents/Fall 2018/CMPE264/IOandInterface/IOandInterface.srcs/sources_1/new/MIPS_top.xdc:36]
CRITICAL WARNING: [Common 17-55] 'set_property' expects at least one object. [C:/Users/andre/Documents/Fall 2018/CMPE264/IOandInterface/IOandInterface.srcs/sources_1/new/MIPS_top.xdc:36]
Resolution: If [get_<value>] was used to populate the object, check to make sure this command returns at least one valid object.
WARNING: [Vivado 12-584] No ports matched 'LEDSEL[1]'. [C:/Users/andre/Documents/Fall 2018/CMPE264/IOandInterface/IOandInterface.srcs/sources_1/new/MIPS_top.xdc:37]
CRITICAL WARNING: [Common 17-55] 'set_property' expects at least one object. [C:/Users/andre/Documents/Fall 2018/CMPE264/IOandInterface/IOandInterface.srcs/sources_1/new/MIPS_top.xdc:37]
Resolution: If [get_<value>] was used to populate the object, check to make sure this command returns at least one valid object.
WARNING: [Vivado 12-584] No ports matched 'LEDSEL[2]'. [C:/Users/andre/Documents/Fall 2018/CMPE264/IOandInterface/IOandInterface.srcs/sources_1/new/MIPS_top.xdc:38]
CRITICAL WARNING: [Common 17-55] 'set_property' expects at least one object. [C:/Users/andre/Documents/Fall 2018/CMPE264/IOandInterface/IOandInterface.srcs/sources_1/new/MIPS_top.xdc:38]
Resolution: If [get_<value>] was used to populate the object, check to make sure this command returns at least one valid object.
WARNING: [Vivado 12-584] No ports matched 'LEDSEL[3]'. [C:/Users/andre/Documents/Fall 2018/CMPE264/IOandInterface/IOandInterface.srcs/sources_1/new/MIPS_top.xdc:39]
CRITICAL WARNING: [Common 17-55] 'set_property' expects at least one object. [C:/Users/andre/Documents/Fall 2018/CMPE264/IOandInterface/IOandInterface.srcs/sources_1/new/MIPS_top.xdc:39]
Resolution: If [get_<value>] was used to populate the object, check to make sure this command returns at least one valid object.
WARNING: [Vivado 12-584] No ports matched 'LEDSEL[4]'. [C:/Users/andre/Documents/Fall 2018/CMPE264/IOandInterface/IOandInterface.srcs/sources_1/new/MIPS_top.xdc:40]
CRITICAL WARNING: [Common 17-55] 'set_property' expects at least one object. [C:/Users/andre/Documents/Fall 2018/CMPE264/IOandInterface/IOandInterface.srcs/sources_1/new/MIPS_top.xdc:40]
Resolution: If [get_<value>] was used to populate the object, check to make sure this command returns at least one valid object.
WARNING: [Vivado 12-584] No ports matched 'LEDSEL[5]'. [C:/Users/andre/Documents/Fall 2018/CMPE264/IOandInterface/IOandInterface.srcs/sources_1/new/MIPS_top.xdc:41]
CRITICAL WARNING: [Common 17-55] 'set_property' expects at least one object. [C:/Users/andre/Documents/Fall 2018/CMPE264/IOandInterface/IOandInterface.srcs/sources_1/new/MIPS_top.xdc:41]
Resolution: If [get_<value>] was used to populate the object, check to make sure this command returns at least one valid object.
WARNING: [Vivado 12-584] No ports matched 'LEDSEL[6]'. [C:/Users/andre/Documents/Fall 2018/CMPE264/IOandInterface/IOandInterface.srcs/sources_1/new/MIPS_top.xdc:42]
CRITICAL WARNING: [Common 17-55] 'set_property' expects at least one object. [C:/Users/andre/Documents/Fall 2018/CMPE264/IOandInterface/IOandInterface.srcs/sources_1/new/MIPS_top.xdc:42]
Resolution: If [get_<value>] was used to populate the object, check to make sure this command returns at least one valid object.
WARNING: [Vivado 12-584] No ports matched 'LEDSEL[7]'. [C:/Users/andre/Documents/Fall 2018/CMPE264/IOandInterface/IOandInterface.srcs/sources_1/new/MIPS_top.xdc:43]
CRITICAL WARNING: [Common 17-55] 'set_property' expects at least one object. [C:/Users/andre/Documents/Fall 2018/CMPE264/IOandInterface/IOandInterface.srcs/sources_1/new/MIPS_top.xdc:43]
Resolution: If [get_<value>] was used to populate the object, check to make sure this command returns at least one valid object.
WARNING: [Vivado 12-584] No ports matched 'reset'. [C:/Users/andre/Documents/Fall 2018/CMPE264/IOandInterface/IOandInterface.srcs/sources_1/new/MIPS_top.xdc:48]
CRITICAL WARNING: [Common 17-55] 'set_property' expects at least one object. [C:/Users/andre/Documents/Fall 2018/CMPE264/IOandInterface/IOandInterface.srcs/sources_1/new/MIPS_top.xdc:48]
Resolution: If [get_<value>] was used to populate the object, check to make sure this command returns at least one valid object.
Finished Parsing XDC File [C:/Users/andre/Documents/Fall 2018/CMPE264/IOandInterface/IOandInterface.srcs/sources_1/new/MIPS_top.xdc]
Completed Processing XDC Constraints

INFO: [Opt 31-138] Pushed 0 inverter(s) to 0 load pin(s).
INFO: [Project 1-111] Unisim Transformation Summary:
No Unisim elements were transformed.

RTL Elaboration Complete:  : Time (s): cpu = 00:00:35 ; elapsed = 00:00:31 . Memory (MB): peak = 1338.426 ; gain = 499.391
59 Infos, 103 Warnings, 27 Critical Warnings and 0 Errors encountered.
synth_design completed successfully
synth_design: Time (s): cpu = 00:00:35 ; elapsed = 00:00:31 . Memory (MB): peak = 1338.426 ; gain = 499.391
