#-----------------------------------------------------------
# Vivado v2018.2 (64-bit)
# SW Build 2258646 on Thu Jun 14 20:03:12 MDT 2018
# IP Build 2256618 on Thu Jun 14 22:10:49 MDT 2018
# Start of session at: Tue Nov 27 16:11:54 2018
# Process ID: 20628
# Current directory: C:/Users/andre/Documents/Fall 2018/CMPE264/IOandInterface
# Command line: vivado.exe -gui_launcher_event rodinguilauncherevent18964 C:\Users\andre\Documents\Fall 2018\CMPE264\IOandInterface\IOandInterface.xpr
# Log file: C:/Users/andre/Documents/Fall 2018/CMPE264/IOandInterface/vivado.log
# Journal file: C:/Users/andre/Documents/Fall 2018/CMPE264/IOandInterface\vivado.jou
#-----------------------------------------------------------
start_gui
open_project {C:/Users/andre/Documents/Fall 2018/CMPE264/IOandInterface/IOandInterface.xpr}
INFO: [Project 1-313] Project file moved from 'C:/Users/Andrew/Desktop/V2/IOandInterface' since last save.
Scanning sources...
Finished scanning sources
INFO: [Project 1-230] Project 'IOandInterface.xpr' upgraded for this version of Vivado.
INFO: [IP_Flow 19-234] Refreshing IP repositories
INFO: [IP_Flow 19-1704] No user IP repositories specified
INFO: [IP_Flow 19-2313] Loaded Vivado IP repository 'C:/Xilinx/Vivado/2018.2/data/ip'.
open_project: Time (s): cpu = 00:00:16 ; elapsed = 00:00:27 . Memory (MB): peak = 818.000 ; gain = 58.289
update_compile_order -fileset sources_1
close [ open {C:/Users/andre/Documents/Fall 2018/CMPE264/IOandInterface/IOandInterface.srcs/sources_1/new/fpmwrapper.v} w ]
add_files {{C:/Users/andre/Documents/Fall 2018/CMPE264/IOandInterface/IOandInterface.srcs/sources_1/new/fpmwrapper.v}}
update_compile_order -fileset sources_1
exit
INFO: [Common 17-206] Exiting Vivado at Tue Nov 27 18:19:47 2018...
